[07-Sep-2023 00:27:33 UTC] PHP Fatal error:  Uncaught TypeError: Cannot access offset of type string on string in D:\Projects\LibroReclamaciones\wp-content\plugins\ComplaintsBook\vendor\dompdf\dompdf\src\Adapter\CPDF.php:928
Stack trace:
#0 D:\Projects\LibroReclamaciones\wp-content\plugins\ComplaintsBook\vendor\dompdf\dompdf\src\Dompdf.php(890): Dompdf\Adapter\CPDF->output('F')
#1 D:\Projects\LibroReclamaciones\wp-content\plugins\ComplaintsBook\Services\class-complaints-book-service.php(208): Dompdf\Dompdf->output('F')
#2 D:\Projects\LibroReclamaciones\wp-content\plugins\ComplaintsBook\Services\class-complaints-book-service.php(27): ComplaintsBook\Services\ComplaintsBookService->generatePDF(116, Array)
#3 D:\Projects\LibroReclamaciones\wp-content\plugins\ComplaintsBook\Public\class-complaints-book-public.php(103): ComplaintsBook\Services\ComplaintsBookService->register(Array)
#4 D:\Projects\LibroReclamaciones\wp-includes\class-wp-hook.php(310): ComplaintsBook\Public\ComplaintsBookPublic->registerComplaintsBook('')
#5 D:\Projects\LibroReclamaciones\wp-includes\class-wp-hook.php(334): WP_Hook->apply_filters('', Array)
#6 D:\Projects\LibroReclamaciones\wp-includes\plugin.php(517): WP_Hook->do_action(Array)
#7 D:\Projects\LibroReclamaciones\wp-admin\admin-ajax.php(188): do_action('wp_ajax_registe...')
#8 {main}
  thrown in D:\Projects\LibroReclamaciones\wp-content\plugins\ComplaintsBook\vendor\dompdf\dompdf\src\Adapter\CPDF.php on line 928
[07-Sep-2023 00:29:09 UTC] PHP Fatal error:  Uncaught TypeError: Cannot access offset of type string on string in D:\Projects\LibroReclamaciones\wp-content\plugins\ComplaintsBook\vendor\dompdf\dompdf\src\Adapter\CPDF.php:928
Stack trace:
#0 D:\Projects\LibroReclamaciones\wp-content\plugins\ComplaintsBook\vendor\dompdf\dompdf\src\Dompdf.php(890): Dompdf\Adapter\CPDF->output('F')
#1 D:\Projects\LibroReclamaciones\wp-content\plugins\ComplaintsBook\Services\class-complaints-book-service.php(208): Dompdf\Dompdf->output('F')
#2 D:\Projects\LibroReclamaciones\wp-content\plugins\ComplaintsBook\Services\class-complaints-book-service.php(27): ComplaintsBook\Services\ComplaintsBookService->generatePDF(117, Array)
#3 D:\Projects\LibroReclamaciones\wp-content\plugins\ComplaintsBook\Public\class-complaints-book-public.php(103): ComplaintsBook\Services\ComplaintsBookService->register(Array)
#4 D:\Projects\LibroReclamaciones\wp-includes\class-wp-hook.php(310): ComplaintsBook\Public\ComplaintsBookPublic->registerComplaintsBook('')
#5 D:\Projects\LibroReclamaciones\wp-includes\class-wp-hook.php(334): WP_Hook->apply_filters('', Array)
#6 D:\Projects\LibroReclamaciones\wp-includes\plugin.php(517): WP_Hook->do_action(Array)
#7 D:\Projects\LibroReclamaciones\wp-admin\admin-ajax.php(188): do_action('wp_ajax_registe...')
#8 {main}
  thrown in D:\Projects\LibroReclamaciones\wp-content\plugins\ComplaintsBook\vendor\dompdf\dompdf\src\Adapter\CPDF.php on line 928
[07-Sep-2023 00:29:13 UTC] PHP Fatal error:  Uncaught TypeError: Cannot access offset of type string on string in D:\Projects\LibroReclamaciones\wp-content\plugins\ComplaintsBook\vendor\dompdf\dompdf\src\Adapter\CPDF.php:928
Stack trace:
#0 D:\Projects\LibroReclamaciones\wp-content\plugins\ComplaintsBook\vendor\dompdf\dompdf\src\Dompdf.php(890): Dompdf\Adapter\CPDF->output('F')
#1 D:\Projects\LibroReclamaciones\wp-content\plugins\ComplaintsBook\Services\class-complaints-book-service.php(208): Dompdf\Dompdf->output('F')
#2 D:\Projects\LibroReclamaciones\wp-content\plugins\ComplaintsBook\Services\class-complaints-book-service.php(27): ComplaintsBook\Services\ComplaintsBookService->generatePDF(118, Array)
#3 D:\Projects\LibroReclamaciones\wp-content\plugins\ComplaintsBook\Public\class-complaints-book-public.php(103): ComplaintsBook\Services\ComplaintsBookService->register(Array)
#4 D:\Projects\LibroReclamaciones\wp-includes\class-wp-hook.php(310): ComplaintsBook\Public\ComplaintsBookPublic->registerComplaintsBook('')
#5 D:\Projects\LibroReclamaciones\wp-includes\class-wp-hook.php(334): WP_Hook->apply_filters('', Array)
#6 D:\Projects\LibroReclamaciones\wp-includes\plugin.php(517): WP_Hook->do_action(Array)
#7 D:\Projects\LibroReclamaciones\wp-admin\admin-ajax.php(188): do_action('wp_ajax_registe...')
#8 {main}
  thrown in D:\Projects\LibroReclamaciones\wp-content\plugins\ComplaintsBook\vendor\dompdf\dompdf\src\Adapter\CPDF.php on line 928
[07-Sep-2023 00:30:13 UTC] PHP Fatal error:  Uncaught TypeError: Cannot access offset of type string on string in D:\Projects\LibroReclamaciones\wp-content\plugins\ComplaintsBook\vendor\dompdf\dompdf\src\Adapter\CPDF.php:928
Stack trace:
#0 D:\Projects\LibroReclamaciones\wp-content\plugins\ComplaintsBook\vendor\dompdf\dompdf\src\Dompdf.php(890): Dompdf\Adapter\CPDF->output('F')
#1 D:\Projects\LibroReclamaciones\wp-content\plugins\ComplaintsBook\Services\class-complaints-book-service.php(208): Dompdf\Dompdf->output('F')
#2 D:\Projects\LibroReclamaciones\wp-content\plugins\ComplaintsBook\Services\class-complaints-book-service.php(27): ComplaintsBook\Services\ComplaintsBookService->generatePDF(120, Array)
#3 D:\Projects\LibroReclamaciones\wp-content\plugins\ComplaintsBook\Public\class-complaints-book-public.php(103): ComplaintsBook\Services\ComplaintsBookService->register(Array)
#4 D:\Projects\LibroReclamaciones\wp-includes\class-wp-hook.php(310): ComplaintsBook\Public\ComplaintsBookPublic->registerComplaintsBook('')
#5 D:\Projects\LibroReclamaciones\wp-includes\class-wp-hook.php(334): WP_Hook->apply_filters('', Array)
#6 D:\Projects\LibroReclamaciones\wp-includes\plugin.php(517): WP_Hook->do_action(Array)
#7 D:\Projects\LibroReclamaciones\wp-admin\admin-ajax.php(188): do_action('wp_ajax_registe...')
#8 {main}
  thrown in D:\Projects\LibroReclamaciones\wp-content\plugins\ComplaintsBook\vendor\dompdf\dompdf\src\Adapter\CPDF.php on line 928
[07-Sep-2023 00:42:10 UTC] PHP Parse error:  syntax error, unexpected token "}" in D:\Projects\LibroReclamaciones\wp-content\plugins\ComplaintsBook\Services\class-complaints-book-service.php on line 220
[07-Sep-2023 00:52:35 UTC] PHP Warning:  Undefined variable $file in D:\Projects\LibroReclamaciones\wp-content\plugins\ComplaintsBook\Services\class-complaints-book-service.php on line 218
[07-Sep-2023 00:52:35 UTC] PHP Deprecated:  file_exists(): Passing null to parameter #1 ($filename) of type string is deprecated in D:\Projects\LibroReclamaciones\wp-admin\includes\image.php on line 651
[07-Sep-2023 00:54:12 UTC] PHP Warning:  Undefined variable $file in D:\Projects\LibroReclamaciones\wp-content\plugins\ComplaintsBook\Services\class-complaints-book-service.php on line 218
[07-Sep-2023 00:54:12 UTC] PHP Deprecated:  file_exists(): Passing null to parameter #1 ($filename) of type string is deprecated in D:\Projects\LibroReclamaciones\wp-admin\includes\image.php on line 651
[07-Sep-2023 03:36:13 UTC] PHP Fatal error:  Uncaught ValueError: realpath(): Argument #1 ($path) must not contain any null bytes in D:\Projects\LibroReclamaciones\wp-includes\functions.php:7452
Stack trace:
#0 D:\Projects\LibroReclamaciones\wp-includes\functions.php(7452): realpath('D:/Projects/Lib...')
#1 D:\Projects\LibroReclamaciones\wp-includes\post.php(6401): wp_delete_file_from_directory('D:\\Projects\\Lib...', 'D:\\Projects\\Lib...')
#2 D:\Projects\LibroReclamaciones\wp-includes\post.php(6310): wp_delete_attachment_files(157, false, '', 'D:\\Projects\\Lib...')
#3 D:\Projects\LibroReclamaciones\wp-includes\post.php(3406): wp_delete_attachment(157, false)
#4 D:\Projects\LibroReclamaciones\wp-admin\includes\ajax-actions.php(886): wp_delete_post(157)
#5 D:\Projects\LibroReclamaciones\wp-includes\class-wp-hook.php(310): wp_ajax_delete_post('delete-post')
#6 D:\Projects\LibroReclamaciones\wp-includes\class-wp-hook.php(334): WP_Hook->apply_filters('', Array)
#7 D:\Projects\LibroReclamaciones\wp-includes\plugin.php(517): WP_Hook->do_action(Array)
#8 D:\Projects\LibroReclamaciones\wp-admin\admin-ajax.php(188): do_action('wp_ajax_delete-...')
#9 {main}
  thrown in D:\Projects\LibroReclamaciones\wp-includes\functions.php on line 7452
[07-Sep-2023 03:59:37 UTC] PHP Parse error:  syntax error, unexpected variable "$attachId" in D:\Projects\LibroReclamaciones\wp-content\plugins\ComplaintsBook\Services\class-complaints-book-service.php on line 253
[07-Sep-2023 04:56:33 UTC] PHP Warning:  Undefined array key "name" in D:\Projects\LibroReclamaciones\wp-content\plugins\ComplaintsBook\Services\class-complaints-book-service.php on line 263
[07-Sep-2023 04:58:00 UTC] PHP Warning:  Undefined array key "name" in D:\Projects\LibroReclamaciones\wp-content\plugins\ComplaintsBook\Services\class-complaints-book-service.php on line 263
[07-Sep-2023 05:12:16 UTC] PHP Warning:  Undefined array key "name" in D:\Projects\LibroReclamaciones\wp-content\plugins\ComplaintsBook\Services\class-complaints-book-service.php on line 263
[07-Sep-2023 05:12:16 UTC] PHP Warning:  Undefined array key "lastname" in D:\Projects\LibroReclamaciones\wp-content\plugins\ComplaintsBook\Services\class-complaints-book-service.php on line 263
[07-Sep-2023 05:14:17 UTC] PHP Warning:  Undefined array key "name" in D:\Projects\LibroReclamaciones\wp-content\plugins\ComplaintsBook\Services\class-complaints-book-service.php on line 263
[07-Sep-2023 05:14:17 UTC] PHP Warning:  Undefined array key "lastname" in D:\Projects\LibroReclamaciones\wp-content\plugins\ComplaintsBook\Services\class-complaints-book-service.php on line 263
[07-Sep-2023 05:22:30 UTC] PHP Warning:  Undefined array key "name" in D:\Projects\LibroReclamaciones\wp-content\plugins\ComplaintsBook\Services\class-complaints-book-service.php on line 264
[07-Sep-2023 05:22:30 UTC] PHP Warning:  Undefined array key "lastname" in D:\Projects\LibroReclamaciones\wp-content\plugins\ComplaintsBook\Services\class-complaints-book-service.php on line 264
[07-Sep-2023 05:25:07 UTC] PHP Warning:  Undefined array key "name" in D:\Projects\LibroReclamaciones\wp-content\plugins\ComplaintsBook\Services\class-complaints-book-service.php on line 264
[07-Sep-2023 05:25:07 UTC] PHP Warning:  Undefined array key "lastname" in D:\Projects\LibroReclamaciones\wp-content\plugins\ComplaintsBook\Services\class-complaints-book-service.php on line 264
[07-Sep-2023 05:28:38 UTC] PHP Warning:  Undefined array key "name" in D:\Projects\LibroReclamaciones\wp-content\plugins\ComplaintsBook\Services\class-complaints-book-service.php on line 272
[07-Sep-2023 05:28:38 UTC] PHP Warning:  Undefined array key "lastname" in D:\Projects\LibroReclamaciones\wp-content\plugins\ComplaintsBook\Services\class-complaints-book-service.php on line 272
[07-Sep-2023 05:31:36 UTC] PHP Warning:  Undefined array key "name" in D:\Projects\LibroReclamaciones\wp-content\plugins\ComplaintsBook\Services\class-complaints-book-service.php on line 271
[07-Sep-2023 05:31:36 UTC] PHP Warning:  Undefined array key "lastname" in D:\Projects\LibroReclamaciones\wp-content\plugins\ComplaintsBook\Services\class-complaints-book-service.php on line 271
[07-Sep-2023 05:32:17 UTC] PHP Warning:  Undefined array key "name" in D:\Projects\LibroReclamaciones\wp-content\plugins\ComplaintsBook\Services\class-complaints-book-service.php on line 271
[07-Sep-2023 05:32:17 UTC] PHP Warning:  Undefined array key "lastname" in D:\Projects\LibroReclamaciones\wp-content\plugins\ComplaintsBook\Services\class-complaints-book-service.php on line 271
[07-Sep-2023 05:33:02 UTC] PHP Warning:  Undefined array key "name" in D:\Projects\LibroReclamaciones\wp-content\plugins\ComplaintsBook\Services\class-complaints-book-service.php on line 271
[07-Sep-2023 05:33:02 UTC] PHP Warning:  Undefined array key "lastname" in D:\Projects\LibroReclamaciones\wp-content\plugins\ComplaintsBook\Services\class-complaints-book-service.php on line 271
[07-Sep-2023 05:36:06 UTC] PHP Warning:  Undefined array key "name" in D:\Projects\LibroReclamaciones\wp-content\plugins\ComplaintsBook\Services\class-complaints-book-service.php on line 271
[07-Sep-2023 05:36:06 UTC] PHP Warning:  Undefined array key "lastname" in D:\Projects\LibroReclamaciones\wp-content\plugins\ComplaintsBook\Services\class-complaints-book-service.php on line 271
[07-Sep-2023 05:37:00 UTC] PHP Warning:  Undefined array key "name" in D:\Projects\LibroReclamaciones\wp-content\plugins\ComplaintsBook\Services\class-complaints-book-service.php on line 271
[07-Sep-2023 05:37:00 UTC] PHP Warning:  Undefined array key "lastname" in D:\Projects\LibroReclamaciones\wp-content\plugins\ComplaintsBook\Services\class-complaints-book-service.php on line 271
[12-Sep-2023 22:22:30 UTC] PHP Fatal error:  Uncaught ValueError: realpath(): Argument #1 ($path) must not contain any null bytes in D:\Projects\LibroReclamaciones\wp-includes\functions.php:7452
Stack trace:
#0 D:\Projects\LibroReclamaciones\wp-includes\functions.php(7452): realpath('D:/Projects/Lib...')
#1 D:\Projects\LibroReclamaciones\wp-includes\post.php(6401): wp_delete_file_from_directory('D:\\Projects\\Lib...', 'D:\\Projects\\Lib...')
#2 D:\Projects\LibroReclamaciones\wp-includes\post.php(6310): wp_delete_attachment_files(166, false, '', 'D:\\Projects\\Lib...')
#3 D:\Projects\LibroReclamaciones\wp-admin\upload.php(325): wp_delete_attachment(166)
#4 {main}
  thrown in D:\Projects\LibroReclamaciones\wp-includes\functions.php on line 7452
[12-Sep-2023 22:23:02 UTC] PHP Fatal error:  Uncaught ValueError: realpath(): Argument #1 ($path) must not contain any null bytes in D:\Projects\LibroReclamaciones\wp-includes\functions.php:7452
Stack trace:
#0 D:\Projects\LibroReclamaciones\wp-includes\functions.php(7452): realpath('D:/Projects/Lib...')
#1 D:\Projects\LibroReclamaciones\wp-includes\post.php(6401): wp_delete_file_from_directory('D:\\Projects\\Lib...', 'D:\\Projects\\Lib...')
#2 D:\Projects\LibroReclamaciones\wp-includes\post.php(6310): wp_delete_attachment_files(164, false, '', 'D:\\Projects\\Lib...')
#3 D:\Projects\LibroReclamaciones\wp-admin\post.php(321): wp_delete_attachment(164, true)
#4 {main}
  thrown in D:\Projects\LibroReclamaciones\wp-includes\functions.php on line 7452
[12-Sep-2023 22:38:20 UTC] PHP Warning:  Undefined array key "name" in D:\Projects\LibroReclamaciones\wp-content\plugins\ComplaintsBook\Services\class-complaints-book-service.php on line 277
[12-Sep-2023 22:38:20 UTC] PHP Warning:  Undefined array key "lastname" in D:\Projects\LibroReclamaciones\wp-content\plugins\ComplaintsBook\Services\class-complaints-book-service.php on line 277
[12-Sep-2023 22:41:43 UTC] PHP Warning:  Undefined array key "name" in D:\Projects\LibroReclamaciones\wp-content\plugins\ComplaintsBook\Services\class-complaints-book-service.php on line 275
[12-Sep-2023 22:41:43 UTC] PHP Warning:  Undefined array key "lastname" in D:\Projects\LibroReclamaciones\wp-content\plugins\ComplaintsBook\Services\class-complaints-book-service.php on line 275
[12-Sep-2023 22:46:38 UTC] PHP Warning:  Undefined array key "name" in D:\Projects\LibroReclamaciones\wp-content\plugins\ComplaintsBook\Services\class-complaints-book-service.php on line 280
[12-Sep-2023 22:46:38 UTC] PHP Warning:  Undefined array key "lastname" in D:\Projects\LibroReclamaciones\wp-content\plugins\ComplaintsBook\Services\class-complaints-book-service.php on line 280
[12-Sep-2023 22:51:56 UTC] PHP Warning:  Undefined array key "name" in D:\Projects\LibroReclamaciones\wp-content\plugins\ComplaintsBook\Services\class-complaints-book-service.php on line 280
[12-Sep-2023 22:51:56 UTC] PHP Warning:  Undefined array key "lastname" in D:\Projects\LibroReclamaciones\wp-content\plugins\ComplaintsBook\Services\class-complaints-book-service.php on line 280
[12-Sep-2023 22:56:57 UTC] PHP Warning:  Undefined array key "name" in D:\Projects\LibroReclamaciones\wp-content\plugins\ComplaintsBook\Services\class-complaints-book-service.php on line 280
[12-Sep-2023 22:56:57 UTC] PHP Warning:  Undefined array key "lastname" in D:\Projects\LibroReclamaciones\wp-content\plugins\ComplaintsBook\Services\class-complaints-book-service.php on line 280
[12-Sep-2023 23:58:12 UTC] PHP Fatal error:  Uncaught TypeError: ComplaintsBook\Services\ComplaintsBookService::getCorporateName(): Argument #1 ($id) must be of type int, string given, called in D:\Projects\LibroReclamaciones\wp-content\plugins\ComplaintsBook\Services\class-complaints-book-service.php on line 98 and defined in D:\Projects\LibroReclamaciones\wp-content\plugins\ComplaintsBook\Services\class-complaints-book-service.php:164
Stack trace:
#0 D:\Projects\LibroReclamaciones\wp-content\plugins\ComplaintsBook\Services\class-complaints-book-service.php(98): ComplaintsBook\Services\ComplaintsBookService->getCorporateName('')
#1 D:\Projects\LibroReclamaciones\wp-content\plugins\ComplaintsBook\Services\class-complaints-book-service.php(19): ComplaintsBook\Services\ComplaintsBookService->prepareData(Array)
#2 D:\Projects\LibroReclamaciones\wp-content\plugins\ComplaintsBook\Public\class-complaints-book-public.php(115): ComplaintsBook\Services\ComplaintsBookService->register(Array)
#3 D:\Projects\LibroReclamaciones\wp-includes\class-wp-hook.php(310): ComplaintsBook\Public\ComplaintsBookPublic->registerComplaintsBook('')
#4 D:\Projects\LibroReclamaciones\wp-includes\class-wp-hook.php(334): WP_Hook->apply_filters('', Array)
#5 D:\Projects\LibroReclamaciones\wp-includes\plugin.php(517): WP_Hook->do_action(Array)
#6 D:\Projects\LibroReclamaciones\wp-admin\admin-ajax.php(188): do_action('wp_ajax_registe...')
#7 {main}
  thrown in D:\Projects\LibroReclamaciones\wp-content\plugins\ComplaintsBook\Services\class-complaints-book-service.php on line 164
[12-Sep-2023 23:58:43 UTC] PHP Fatal error:  Uncaught TypeError: ComplaintsBook\Services\ComplaintsBookService::getCorporateName(): Argument #1 ($id) must be of type int, string given, called in D:\Projects\LibroReclamaciones\wp-content\plugins\ComplaintsBook\Services\class-complaints-book-service.php on line 98 and defined in D:\Projects\LibroReclamaciones\wp-content\plugins\ComplaintsBook\Services\class-complaints-book-service.php:164
Stack trace:
#0 D:\Projects\LibroReclamaciones\wp-content\plugins\ComplaintsBook\Services\class-complaints-book-service.php(98): ComplaintsBook\Services\ComplaintsBookService->getCorporateName('')
#1 D:\Projects\LibroReclamaciones\wp-content\plugins\ComplaintsBook\Services\class-complaints-book-service.php(19): ComplaintsBook\Services\ComplaintsBookService->prepareData(Array)
#2 D:\Projects\LibroReclamaciones\wp-content\plugins\ComplaintsBook\Public\class-complaints-book-public.php(115): ComplaintsBook\Services\ComplaintsBookService->register(Array)
#3 D:\Projects\LibroReclamaciones\wp-includes\class-wp-hook.php(310): ComplaintsBook\Public\ComplaintsBookPublic->registerComplaintsBook('')
#4 D:\Projects\LibroReclamaciones\wp-includes\class-wp-hook.php(334): WP_Hook->apply_filters('', Array)
#5 D:\Projects\LibroReclamaciones\wp-includes\plugin.php(517): WP_Hook->do_action(Array)
#6 D:\Projects\LibroReclamaciones\wp-admin\admin-ajax.php(188): do_action('wp_ajax_registe...')
#7 {main}
  thrown in D:\Projects\LibroReclamaciones\wp-content\plugins\ComplaintsBook\Services\class-complaints-book-service.php on line 164
[12-Sep-2023 23:58:57 UTC] PHP Warning:  Undefined array key "name" in D:\Projects\LibroReclamaciones\wp-content\plugins\ComplaintsBook\Services\class-complaints-book-service.php on line 280
[12-Sep-2023 23:58:57 UTC] PHP Warning:  Undefined array key "lastname" in D:\Projects\LibroReclamaciones\wp-content\plugins\ComplaintsBook\Services\class-complaints-book-service.php on line 280
[13-Sep-2023 00:00:15 UTC] PHP Warning:  Undefined array key "name" in D:\Projects\LibroReclamaciones\wp-content\plugins\ComplaintsBook\Services\class-complaints-book-service.php on line 280
[13-Sep-2023 00:00:15 UTC] PHP Warning:  Undefined array key "lastname" in D:\Projects\LibroReclamaciones\wp-content\plugins\ComplaintsBook\Services\class-complaints-book-service.php on line 280
[13-Sep-2023 00:01:32 UTC] PHP Warning:  Undefined array key "name" in D:\Projects\LibroReclamaciones\wp-content\plugins\ComplaintsBook\Services\class-complaints-book-service.php on line 280
[13-Sep-2023 00:01:32 UTC] PHP Warning:  Undefined array key "lastname" in D:\Projects\LibroReclamaciones\wp-content\plugins\ComplaintsBook\Services\class-complaints-book-service.php on line 280
[13-Sep-2023 00:03:10 UTC] PHP Warning:  Undefined array key "name" in D:\Projects\LibroReclamaciones\wp-content\plugins\ComplaintsBook\Services\class-complaints-book-service.php on line 281
[13-Sep-2023 00:03:10 UTC] PHP Warning:  Undefined array key "lastname" in D:\Projects\LibroReclamaciones\wp-content\plugins\ComplaintsBook\Services\class-complaints-book-service.php on line 281
[13-Sep-2023 00:04:41 UTC] PHP Warning:  Undefined array key "name" in D:\Projects\LibroReclamaciones\wp-content\plugins\ComplaintsBook\Services\class-complaints-book-service.php on line 281
[13-Sep-2023 00:04:41 UTC] PHP Warning:  Undefined array key "lastname" in D:\Projects\LibroReclamaciones\wp-content\plugins\ComplaintsBook\Services\class-complaints-book-service.php on line 281
[13-Sep-2023 00:05:04 UTC] PHP Warning:  Undefined array key "name" in D:\Projects\LibroReclamaciones\wp-content\plugins\ComplaintsBook\Services\class-complaints-book-service.php on line 281
[13-Sep-2023 00:05:04 UTC] PHP Warning:  Undefined array key "lastname" in D:\Projects\LibroReclamaciones\wp-content\plugins\ComplaintsBook\Services\class-complaints-book-service.php on line 281
[13-Sep-2023 00:05:21 UTC] PHP Warning:  Undefined array key "name" in D:\Projects\LibroReclamaciones\wp-content\plugins\ComplaintsBook\Services\class-complaints-book-service.php on line 281
[13-Sep-2023 00:05:21 UTC] PHP Warning:  Undefined array key "lastname" in D:\Projects\LibroReclamaciones\wp-content\plugins\ComplaintsBook\Services\class-complaints-book-service.php on line 281
[13-Sep-2023 00:06:29 UTC] PHP Warning:  Undefined array key "name" in D:\Projects\LibroReclamaciones\wp-content\plugins\ComplaintsBook\Services\class-complaints-book-service.php on line 281
[13-Sep-2023 00:06:29 UTC] PHP Warning:  Undefined array key "lastname" in D:\Projects\LibroReclamaciones\wp-content\plugins\ComplaintsBook\Services\class-complaints-book-service.php on line 281
[13-Sep-2023 00:21:36 UTC] PHP Warning:  Undefined array key "name" in D:\Projects\LibroReclamaciones\wp-content\plugins\ComplaintsBook\Services\class-complaints-book-service.php on line 279
[13-Sep-2023 00:21:36 UTC] PHP Warning:  Undefined array key "lastname" in D:\Projects\LibroReclamaciones\wp-content\plugins\ComplaintsBook\Services\class-complaints-book-service.php on line 279
[13-Sep-2023 00:24:17 UTC] PHP Warning:  Undefined array key "name" in D:\Projects\LibroReclamaciones\wp-content\plugins\ComplaintsBook\Services\class-complaints-book-service.php on line 279
[13-Sep-2023 00:24:17 UTC] PHP Warning:  Undefined array key "lastname" in D:\Projects\LibroReclamaciones\wp-content\plugins\ComplaintsBook\Services\class-complaints-book-service.php on line 279
[13-Sep-2023 00:30:31 UTC] PHP Warning:  Undefined array key "name" in D:\Projects\LibroReclamaciones\wp-content\plugins\ComplaintsBook\Services\class-complaints-book-service.php on line 291
[13-Sep-2023 00:30:31 UTC] PHP Warning:  Undefined array key "lastname" in D:\Projects\LibroReclamaciones\wp-content\plugins\ComplaintsBook\Services\class-complaints-book-service.php on line 291
[13-Sep-2023 00:31:49 UTC] PHP Warning:  Undefined array key "name" in D:\Projects\LibroReclamaciones\wp-content\plugins\ComplaintsBook\Services\class-complaints-book-service.php on line 291
[13-Sep-2023 00:31:49 UTC] PHP Warning:  Undefined array key "lastname" in D:\Projects\LibroReclamaciones\wp-content\plugins\ComplaintsBook\Services\class-complaints-book-service.php on line 291
[13-Sep-2023 00:32:22 UTC] PHP Warning:  Undefined array key "name" in D:\Projects\LibroReclamaciones\wp-content\plugins\ComplaintsBook\Services\class-complaints-book-service.php on line 291
[13-Sep-2023 00:32:22 UTC] PHP Warning:  Undefined array key "lastname" in D:\Projects\LibroReclamaciones\wp-content\plugins\ComplaintsBook\Services\class-complaints-book-service.php on line 291
[13-Sep-2023 00:39:55 UTC] PHP Warning:  Undefined array key "name" in D:\Projects\LibroReclamaciones\wp-content\plugins\ComplaintsBook\Services\class-complaints-book-service.php on line 292
[13-Sep-2023 00:39:55 UTC] PHP Warning:  Undefined array key "lastname" in D:\Projects\LibroReclamaciones\wp-content\plugins\ComplaintsBook\Services\class-complaints-book-service.php on line 292
[13-Sep-2023 00:40:20 UTC] PHP Warning:  Undefined array key "name" in D:\Projects\LibroReclamaciones\wp-content\plugins\ComplaintsBook\Services\class-complaints-book-service.php on line 291
[13-Sep-2023 00:40:20 UTC] PHP Warning:  Undefined array key "lastname" in D:\Projects\LibroReclamaciones\wp-content\plugins\ComplaintsBook\Services\class-complaints-book-service.php on line 291
[13-Sep-2023 00:54:35 UTC] PHP Warning:  Undefined array key "name" in D:\Projects\LibroReclamaciones\wp-content\plugins\ComplaintsBook\Services\class-complaints-book-service.php on line 291
[13-Sep-2023 00:54:35 UTC] PHP Warning:  Undefined array key "lastname" in D:\Projects\LibroReclamaciones\wp-content\plugins\ComplaintsBook\Services\class-complaints-book-service.php on line 291
[13-Sep-2023 01:04:43 UTC] PHP Warning:  Undefined array key "rd-privacy-policy" in D:\Projects\LibroReclamaciones\wp-content\plugins\ComplaintsBook\Services\class-complaints-book-service.php on line 113
[13-Sep-2023 01:13:48 UTC] PHP Warning:  Undefined array key "rd-privacy-policy" in D:\Projects\LibroReclamaciones\wp-content\plugins\ComplaintsBook\Services\class-complaints-book-service.php on line 134
